# JRE version: Java(TM) SE Runtime Environment (8.0_112-b15) (build 1.8.0_112-b15)
# Java VM: Java HotSpot(TM) 64-Bit Server VM (25.112-b15 mixed mode windows-amd64 compressed oops)
Heap:
 PSYoungGen      total 59392K, used 14688K [0x00000007bc400000, 0x00000007c0000000, 0x00000007c0000000)
  eden space 57344K, 23% used [0x00000007bc400000,0x00000007bd0f80c8,0x00000007bfc00000)
  from space 2048K, 68% used [0x00000007bfc00000,0x00000007bfd60000,0x00000007bfe00000)
  to   space 2048K, 0% used [0x00000007bfe00000,0x00000007bfe00000,0x00000007c0000000)
 ParOldGen       total 153600K, used 46593K [0x0000000700000000, 0x0000000709600000, 0x00000007bc400000)
  object space 153600K, 30% used [0x0000000700000000,0x0000000702d80600,0x0000000709600000)
 Metaspace       used 64518K, capacity 65081K, committed 65664K, reserved 1105920K
  class space    used 8561K, capacity 8711K, committed 8832K, reserved 1048576K
GC Heap History (10 events):
Event: 3538.676 GC heap before
{Heap before GC invocations=152 (full 5):
 PSYoungGen      total 59392K, used 58592K [0x00000007bc400000, 0x00000007c0000000, 0x00000007c0000000)
  eden space 57344K, 100% used [0x00000007bc400000,0x00000007bfc00000,0x00000007bfc00000)
  from space 2048K, 60% used [0x00000007bfe00000,0x00000007bff38000,0x00000007c0000000)
  to   space 2048K, 0% used [0x00000007bfc00000,0x00000007bfc00000,0x00000007bfe00000)
 ParOldGen       total 153600K, used 46239K [0x0000000700000000, 0x0000000709600000, 0x00000007bc400000)
  object space 153600K, 30% used [0x0000000700000000,0x0000000702d27cf0,0x0000000709600000)
 Metaspace       used 64495K, capacity 65017K, committed 65664K, reserved 1105920K
  class space    used 8560K, capacity 8711K, committed 8832K, reserved 1048576K
Event: 3538.682 GC heap after
Heap after GC invocations=152 (full 5):
 PSYoungGen      total 59392K, used 1216K [0x00000007bc400000, 0x00000007c0000000, 0x00000007c0000000)
  eden space 57344K, 0% used [0x00000007bc400000,0x00000007bc400000,0x00000007bfc00000)
  from space 2048K, 59% used [0x00000007bfc00000,0x00000007bfd30000,0x00000007bfe00000)
  to   space 2048K, 0% used [0x00000007bfe00000,0x00000007bfe00000,0x00000007c0000000)
 ParOldGen       total 153600K, used 46295K [0x0000000700000000, 0x0000000709600000, 0x00000007bc400000)
  object space 153600K, 30% used [0x0000000700000000,0x0000000702d35cf0,0x0000000709600000)
 Metaspace       used 64495K, capacity 65017K, committed 65664K, reserved 1105920K
  class space    used 8560K, capacity 8711K, committed 8832K, reserved 1048576K
}
Event: 3546.567 GC heap before
{Heap before GC invocations=153 (full 5):
 PSYoungGen      total 59392K, used 58560K [0x00000007bc400000, 0x00000007c0000000, 0x00000007c0000000)
  eden space 57344K, 100% used [0x00000007bc400000,0x00000007bfc00000,0x00000007bfc00000)
  from space 2048K, 59% used [0x00000007bfc00000,0x00000007bfd30000,0x00000007bfe00000)
  to   space 2048K, 0% used [0x00000007bfe00000,0x00000007bfe00000,0x00000007c0000000)
 ParOldGen       total 153600K, used 46295K [0x0000000700000000, 0x0000000709600000, 0x00000007bc400000)
  object space 153600K, 30% used [0x0000000700000000,0x0000000702d35cf0,0x0000000709600000)
 Metaspace       used 64497K, capacity 65017K, committed 65664K, reserved 1105920K
  class space    used 8560K, capacity 8711K, committed 8832K, reserved 1048576K
Event: 3546.574 GC heap after
Heap after GC invocations=153 (full 5):
 PSYoungGen      total 59392K, used 1088K [0x00000007bc400000, 0x00000007c0000000, 0x00000007c0000000)
  eden space 57344K, 0% used [0x00000007bc400000,0x00000007bc400000,0x00000007bfc00000)
  from space 2048K, 53% used [0x00000007bfe00000,0x00000007bff10000,0x00000007c0000000)
  to   space 2048K, 0% used [0x00000007bfc00000,0x00000007bfc00000,0x00000007bfe00000)
 ParOldGen       total 153600K, used 46343K [0x0000000700000000, 0x0000000709600000, 0x00000007bc400000)
  object space 153600K, 30% used [0x0000000700000000,0x0000000702d41cf0,0x0000000709600000)
 Metaspace       used 64497K, capacity 65017K, committed 65664K, reserved 1105920K
  class space    used 8560K, capacity 8711K, committed 8832K, reserved 1048576K
}
Event: 3551.775 GC heap before
{Heap before GC invocations=154 (full 5):
 PSYoungGen      total 59392K, used 58432K [0x00000007bc400000, 0x00000007c0000000, 0x00000007c0000000)
  eden space 57344K, 100% used [0x00000007bc400000,0x00000007bfc00000,0x00000007bfc00000)
  from space 2048K, 53% used [0x00000007bfe00000,0x00000007bff10000,0x00000007c0000000)
  to   space 2048K, 0% used [0x00000007bfc00000,0x00000007bfc00000,0x00000007bfe00000)
 ParOldGen       total 153600K, used 46343K [0x0000000700000000, 0x0000000709600000, 0x00000007bc400000)
  object space 153600K, 30% used [0x0000000700000000,0x0000000702d41cf0,0x0000000709600000)
 Metaspace       used 64511K, capacity 65017K, committed 65664K, reserved 1105920K
  class space    used 8561K, capacity 8711K, committed 8832K, reserved 1048576K
Event: 3551.783 GC heap after
Heap after GC invocations=154 (full 5):
 PSYoungGen      total 59392K, used 1184K [0x00000007bc400000, 0x00000007c0000000, 0x00000007c0000000)
  eden space 57344K, 0% used [0x00000007bc400000,0x00000007bc400000,0x00000007bfc00000)
  from space 2048K, 57% used [0x00000007bfc00000,0x00000007bfd28000,0x00000007bfe00000)
  to   space 2048K, 0% used [0x00000007bfe00000,0x00000007bfe00000,0x00000007c0000000)
 ParOldGen       total 153600K, used 46383K [0x0000000700000000, 0x0000000709600000, 0x00000007bc400000)
  object space 153600K, 30% used [0x0000000700000000,0x0000000702d4bcf0,0x0000000709600000)
 Metaspace       used 64511K, capacity 65017K, committed 65664K, reserved 1105920K
  class space    used 8561K, capacity 8711K, committed 8832K, reserved 1048576K
}
Event: 3556.627 GC heap before
{Heap before GC invocations=155 (full 5):
 PSYoungGen      total 59392K, used 58528K [0x00000007bc400000, 0x00000007c0000000, 0x00000007c0000000)
  eden space 57344K, 100% used [0x00000007bc400000,0x00000007bfc00000,0x00000007bfc00000)
  from space 2048K, 57% used [0x00000007bfc00000,0x00000007bfd28000,0x00000007bfe00000)
  to   space 2048K, 0% used [0x00000007bfe00000,0x00000007bfe00000,0x00000007c0000000)
 ParOldGen       total 153600K, used 46383K [0x0000000700000000, 0x0000000709600000, 0x00000007bc400000)
  object space 153600K, 30% used [0x0000000700000000,0x0000000702d4bcf0,0x0000000709600000)
 Metaspace       used 64517K, capacity 65081K, committed 65664K, reserved 1105920K
  class space    used 8561K, capacity 8711K, committed 8832K, reserved 1048576K
Event: 3556.633 GC heap after
Heap after GC invocations=155 (full 5):
 PSYoungGen      total 59392K, used 1120K [0x00000007bc400000, 0x00000007c0000000, 0x00000007c0000000)
  eden space 57344K, 0% used [0x00000007bc400000,0x00000007bc400000,0x00000007bfc00000)
  from space 2048K, 54% used [0x00000007bfe00000,0x00000007bff18000,0x00000007c0000000)
  to   space 2048K, 0% used [0x00000007bfc00000,0x00000007bfc00000,0x00000007bfe00000)
 ParOldGen       total 153600K, used 46449K [0x0000000700000000, 0x0000000709600000, 0x00000007bc400000)
  object space 153600K, 30% used [0x0000000700000000,0x0000000702d5c600,0x0000000709600000)
 Metaspace       used 64517K, capacity 65081K, committed 65664K, reserved 1105920K
  class space    used 8561K, capacity 8711K, committed 8832K, reserved 1048576K
}
Event: 3665.771 GC heap before
{Heap before GC invocations=156 (full 5):
 PSYoungGen      total 59392K, used 58464K [0x00000007bc400000, 0x00000007c0000000, 0x00000007c0000000)
  eden space 57344K, 100% used [0x00000007bc400000,0x00000007bfc00000,0x00000007bfc00000)
  from space 2048K, 54% used [0x00000007bfe00000,0x00000007bff18000,0x00000007c0000000)
  to   space 2048K, 0% used [0x00000007bfc00000,0x00000007bfc00000,0x00000007bfe00000)
 ParOldGen       total 153600K, used 46449K [0x0000000700000000, 0x0000000709600000, 0x00000007bc400000)
  object space 153600K, 30% used [0x0000000700000000,0x0000000702d5c600,0x0000000709600000)
 Metaspace       used 64517K, capacity 65081K, committed 65664K, reserved 1105920K
  class space    used 8561K, capacity 8711K, committed 8832K, reserved 1048576K
Event: 3665.790 GC heap after
Heap after GC invocations=156 (full 5):
 PSYoungGen      total 59392K, used 1408K [0x00000007bc400000, 0x00000007c0000000, 0x00000007c0000000)
  eden space 57344K, 0% used [0x00000007bc400000,0x00000007bc400000,0x00000007bfc00000)
  from space 2048K, 68% used [0x00000007bfc00000,0x00000007bfd60000,0x00000007bfe00000)
  to   space 2048K, 0% used [0x00000007bfe00000,0x00000007bfe00000,0x00000007c0000000)
 ParOldGen       total 153600K, used 46593K [0x0000000700000000, 0x0000000709600000, 0x00000007bc400000)
  object space 153600K, 30% used [0x0000000700000000,0x0000000702d80600,0x0000000709600000)
 Metaspace       used 64517K, capacity 65081K, committed 65664K, reserved 1105920K
  class space    used 8561K, capacity 8711K, committed 8832K, reserved 1048576K
}

